<?xml version="1.0" encoding="UTF-8"?>
<testsuite name="com.inclusion.controller.CalculatorControllerTest" tests="6" skipped="0" failures="0" errors="0" timestamp="2023-11-30T16:24:07" hostname="MacBook-Pro-de-Silvio-2.local" time="0.949">
  <properties/>
  <testcase name="[1] testCase=2, array=10,3,123450, message=The size of test cases is not equals to size of scenarios" classname="com.inclusion.controller.CalculatorControllerTest" time="0.911"/>
  <testcase name="[2] testCase=6, array=7,5,12345|5,0,4|10,5,15|17,8,54321|499999993,9,1000000000|10,5,187|2,0,999999999, message=The size of test cases is not equals to size of scenarios" classname="com.inclusion.controller.CalculatorControllerTest" time="0.006"/>
  <testcase name="[3] testCase=3, array=72,29,9, message=The size of test cases is not equals to size of scenarios" classname="com.inclusion.controller.CalculatorControllerTest" time="0.005"/>
  <testcase name="[1] testCase=1, array=10,3,123450, result=[123443]" classname="com.inclusion.controller.CalculatorControllerTest" time="0.01"/>
  <testcase name="[2] testCase=7, array=7,5,12345|5,0,4|10,5,15|17,8,54321|499999993,9,1000000000|10,5,187|2,0,999999999, result=[12339,0,15,54306,999999995,185,999999998]" classname="com.inclusion.controller.CalculatorControllerTest" time="0.003"/>
  <testcase name="[3] testCase=1, array=72,29,9, result=[29]" classname="com.inclusion.controller.CalculatorControllerTest" time="0.003"/>
  <system-out><![CDATA[11:24:05.743 [Test worker] INFO org.springframework.test.context.support.AnnotationConfigContextLoaderUtils -- Could not detect default configuration classes for test class [com.inclusion.controller.CalculatorControllerTest]: CalculatorControllerTest does not declare any static, non-private, non-final, nested classes annotated with @Configuration.
11:24:05.853 [Test worker] INFO org.springframework.boot.test.context.SpringBootTestContextBootstrapper -- Found @SpringBootConfiguration com.inclusion.CalculatorApplication for test class com.inclusion.controller.CalculatorControllerTest

  .   ____          _            __ _ _
 /\\ / ___'_ __ _ _(_)_ __  __ _ \ \ \ \
( ( )\___ | '_ | '_| | '_ \/ _` | \ \ \ \
 \\/  ___)| |_)| | | | | || (_| |  ) ) ) )
  '  |____| .__|_| |_|_| |_\__, | / / / /
 =========|_|==============|___/=/_/_/_/
 :: Spring Boot ::       (v3.1.7-SNAPSHOT)

2023-11-30T11:24:06.277-05:00  INFO 36465 --- [    Test worker] c.i.controller.CalculatorControllerTest  : Starting CalculatorControllerTest using Java 17.0.3 with PID 36465 (started by silvioesterilla in /Users/silvioesterilla/Desktop/calculator)
2023-11-30T11:24:06.279-05:00  INFO 36465 --- [    Test worker] c.i.controller.CalculatorControllerTest  : No active profile set, falling back to 1 default profile: "default"
2023-11-30T11:24:07.207-05:00  INFO 36465 --- [    Test worker] o.s.b.w.embedded.tomcat.TomcatWebServer  : Tomcat initialized with port(s): 0 (http)
2023-11-30T11:24:07.218-05:00  INFO 36465 --- [    Test worker] o.apache.catalina.core.StandardService   : Starting service [Tomcat]
2023-11-30T11:24:07.219-05:00  INFO 36465 --- [    Test worker] o.apache.catalina.core.StandardEngine    : Starting Servlet engine: [Apache Tomcat/10.1.16]
2023-11-30T11:24:07.311-05:00  INFO 36465 --- [    Test worker] o.a.c.c.C.[Tomcat].[localhost].[/]       : Initializing Spring embedded WebApplicationContext
2023-11-30T11:24:07.312-05:00  INFO 36465 --- [    Test worker] w.s.c.ServletWebServerApplicationContext : Root WebApplicationContext: initialization completed in 1011 ms
2023-11-30T11:24:07.598-05:00  INFO 36465 --- [    Test worker] o.a.c.c.C.[Tomcat].[localhost].[/]       : Initializing Spring TestDispatcherServlet ''
2023-11-30T11:24:07.601-05:00  INFO 36465 --- [    Test worker] o.s.t.web.servlet.TestDispatcherServlet  : Initializing Servlet ''
2023-11-30T11:24:07.603-05:00  INFO 36465 --- [    Test worker] o.s.t.web.servlet.TestDispatcherServlet  : Completed initialization in 0 ms
2023-11-30T11:24:07.643-05:00  INFO 36465 --- [    Test worker] o.s.b.w.embedded.tomcat.TomcatWebServer  : Tomcat started on port(s): 50079 (http) with context path ''
2023-11-30T11:24:07.651-05:00  INFO 36465 --- [    Test worker] c.i.controller.CalculatorControllerTest  : Started CalculatorControllerTest in 1.627 seconds (process running for 2.729)
]]></system-out>
  <system-err><![CDATA[]]></system-err>
</testsuite>
